2025-03-21 18:36:06 - INFO  - HV000001: Hibernate Validator 8.0.2.Final
2025-03-21 18:36:06 - INFO  - Starting ApiApplication using Java 23.0.2 with PID 1828 (C:\Users\saymon_castro\Documents\GitHub\Testes-java\java\API\target\classes started by saymon_castro in C:\Users\saymon_castro\Documents\GitHub\Testes-java\java\API)
2025-03-21 18:36:06 - INFO  - No active profile set, falling back to 1 default profile: "default"
2025-03-21 18:36:06 - INFO  - Bootstrapping Spring Data JPA repositories in DEFAULT mode.
2025-03-21 18:36:06 - INFO  - Finished Spring Data repository scanning in 34 ms. Found 6 JPA repository interfaces.
2025-03-21 18:36:06 - INFO  - Tomcat initialized with port 8099 (http)
2025-03-21 18:36:06 - INFO  - Initializing ProtocolHandler ["http-nio-8099"]
2025-03-21 18:36:06 - INFO  - Starting service [Tomcat]
2025-03-21 18:36:06 - INFO  - Starting Servlet engine: [Apache Tomcat/10.1.36]
2025-03-21 18:36:06 - INFO  - Initializing Spring embedded WebApplicationContext
2025-03-21 18:36:06 - INFO  - Root WebApplicationContext: initialization completed in 847 ms
2025-03-21 18:36:07 - INFO  - HHH000204: Processing PersistenceUnitInfo [name: default]
2025-03-21 18:36:07 - INFO  - HHH000412: Hibernate ORM core version 6.6.8.Final
2025-03-21 18:36:07 - INFO  - HHH000026: Second-level cache disabled
2025-03-21 18:36:07 - INFO  - No LoadTimeWeaver setup: ignoring JPA class transformer
2025-03-21 18:36:07 - INFO  - HikariPool-1 - Starting...
2025-03-21 18:36:07 - INFO  - HikariPool-1 - Added connection com.mysql.cj.jdbc.ConnectionImpl@50785f86
2025-03-21 18:36:07 - INFO  - HikariPool-1 - Start completed.
2025-03-21 18:36:07 - WARN  - HHH000511: The 5.5.5 version for [org.hibernate.dialect.MySQLDialect] is no longer supported, hence certain features may not work properly. The minimum supported version is 8.0.0. Check the community dialects project for available legacy versions.
2025-03-21 18:36:07 - INFO  - HHH10001005: Database info:
	Database JDBC URL [Connecting through datasource 'HikariDataSource (HikariPool-1)']
	Database driver: undefined/unknown
	Database version: 5.5.5
	Autocommit mode: undefined/unknown
	Isolation level: undefined/unknown
	Minimum pool size: undefined/unknown
	Maximum pool size: undefined/unknown
2025-03-21 18:36:08 - INFO  - HHH000489: No JTA platform available (set 'hibernate.transaction.jta.platform' to enable JTA platform integration)
2025-03-21 18:36:08 - INFO  - Initialized JPA EntityManagerFactory for persistence unit 'default'
2025-03-21 18:36:08 - WARN  - spring.jpa.open-in-view is enabled by default. Therefore, database queries may be performed during view rendering. Explicitly configure spring.jpa.open-in-view to disable this warning
2025-03-21 18:36:08 - INFO  - Starting...
2025-03-21 18:36:08 - INFO  - BrokerAvailabilityEvent[available=true, SimpleBrokerMessageHandler [org.springframework.messaging.simp.broker.DefaultSubscriptionRegistry@dc6a186]]
2025-03-21 18:36:08 - INFO  - Started.
2025-03-21 18:36:08 - INFO  - Starting ProtocolHandler ["http-nio-8099"]
2025-03-21 18:36:08 - INFO  - Tomcat started on port 8099 (http) with context path '/'
2025-03-21 18:36:08 - INFO  - Started ApiApplication in 3.113 seconds (process running for 3.484)
2025-03-21 18:36:16 - INFO  - Commencing graceful shutdown. Waiting for active requests to complete
2025-03-21 18:36:16 - INFO  - Graceful shutdown complete
2025-03-21 18:36:16 - INFO  - Stopping...
2025-03-21 18:36:16 - INFO  - BrokerAvailabilityEvent[available=false, SimpleBrokerMessageHandler [org.springframework.messaging.simp.broker.DefaultSubscriptionRegistry@dc6a186]]
2025-03-21 18:36:16 - INFO  - Stopped.
2025-03-21 18:36:16 - INFO  - Closing JPA EntityManagerFactory for persistence unit 'default'
2025-03-21 18:36:16 - INFO  - HikariPool-1 - Shutdown initiated...
2025-03-21 18:36:16 - INFO  - HikariPool-1 - Shutdown completed.
2025-03-21 18:36:51 - INFO  - HV000001: Hibernate Validator 8.0.2.Final
2025-03-21 18:36:51 - INFO  - Starting ApiApplication using Java 23.0.2 with PID 4124 (C:\Users\saymon_castro\Documents\GitHub\Testes-java\java\API\target\classes started by saymon_castro in C:\Users\saymon_castro\Documents\GitHub\Testes-java\java\API)
2025-03-21 18:36:51 - INFO  - No active profile set, falling back to 1 default profile: "default"
2025-03-21 18:36:52 - INFO  - Bootstrapping Spring Data JPA repositories in DEFAULT mode.
2025-03-21 18:36:52 - INFO  - Finished Spring Data repository scanning in 36 ms. Found 6 JPA repository interfaces.
2025-03-21 18:36:52 - INFO  - Tomcat initialized with port 8099 (http)
2025-03-21 18:36:52 - INFO  - Initializing ProtocolHandler ["http-nio-8099"]
2025-03-21 18:36:52 - INFO  - Starting service [Tomcat]
2025-03-21 18:36:52 - INFO  - Starting Servlet engine: [Apache Tomcat/10.1.36]
2025-03-21 18:36:52 - INFO  - Initializing Spring embedded WebApplicationContext
2025-03-21 18:36:52 - INFO  - Root WebApplicationContext: initialization completed in 842 ms
2025-03-21 18:36:52 - INFO  - HHH000204: Processing PersistenceUnitInfo [name: default]
2025-03-21 18:36:52 - INFO  - HHH000412: Hibernate ORM core version 6.6.8.Final
2025-03-21 18:36:52 - INFO  - HHH000026: Second-level cache disabled
2025-03-21 18:36:52 - INFO  - No LoadTimeWeaver setup: ignoring JPA class transformer
2025-03-21 18:36:53 - INFO  - HikariPool-1 - Starting...
2025-03-21 18:36:53 - INFO  - HikariPool-1 - Added connection com.mysql.cj.jdbc.ConnectionImpl@65ef9a0a
2025-03-21 18:36:53 - INFO  - HikariPool-1 - Start completed.
2025-03-21 18:36:53 - WARN  - HHH000511: The 5.5.5 version for [org.hibernate.dialect.MySQLDialect] is no longer supported, hence certain features may not work properly. The minimum supported version is 8.0.0. Check the community dialects project for available legacy versions.
2025-03-21 18:36:53 - INFO  - HHH10001005: Database info:
	Database JDBC URL [Connecting through datasource 'HikariDataSource (HikariPool-1)']
	Database driver: undefined/unknown
	Database version: 5.5.5
	Autocommit mode: undefined/unknown
	Isolation level: undefined/unknown
	Minimum pool size: undefined/unknown
	Maximum pool size: undefined/unknown
2025-03-21 18:36:53 - INFO  - HHH000489: No JTA platform available (set 'hibernate.transaction.jta.platform' to enable JTA platform integration)
2025-03-21 18:36:53 - INFO  - Initialized JPA EntityManagerFactory for persistence unit 'default'
2025-03-21 18:36:54 - WARN  - spring.jpa.open-in-view is enabled by default. Therefore, database queries may be performed during view rendering. Explicitly configure spring.jpa.open-in-view to disable this warning
2025-03-21 18:36:54 - INFO  - Starting...
2025-03-21 18:36:54 - INFO  - BrokerAvailabilityEvent[available=true, SimpleBrokerMessageHandler [org.springframework.messaging.simp.broker.DefaultSubscriptionRegistry@2eb27091]]
2025-03-21 18:36:54 - INFO  - Started.
2025-03-21 18:36:54 - INFO  - Starting ProtocolHandler ["http-nio-8099"]
2025-03-21 18:36:54 - INFO  - Tomcat started on port 8099 (http) with context path '/'
2025-03-21 18:36:54 - INFO  - Started ApiApplication in 3.096 seconds (process running for 3.468)
2025-03-21 18:37:44 - INFO  - Initializing Spring DispatcherServlet 'dispatcherServlet'
2025-03-21 18:37:44 - INFO  - Initializing Servlet 'dispatcherServlet'
2025-03-21 18:37:44 - INFO  - Completed initialization in 0 ms
2025-03-21 18:37:54 - INFO  - WebSocketSession[0 current WS(0)-HttpStream(0)-HttpPoll(0), 0 total, 0 closed abnormally (0 connect failure, 0 send limit, 0 transport error)], stompSubProtocol[processed CONNECT(0)-CONNECTED(0)-DISCONNECT(0)], stompBrokerRelay[null], inboundChannel[pool size = 0, active threads = 0, queued tasks = 0, completed tasks = 0], outboundChannel[pool size = 0, active threads = 0, queued tasks = 0, completed tasks = 0], sockJsScheduler[pool size = 1, active threads = 1, queued tasks = 0, completed tasks = 0]
2025-03-21 18:38:11 - INFO  - Commencing graceful shutdown. Waiting for active requests to complete
2025-03-21 18:38:11 - INFO  - Graceful shutdown complete
2025-03-21 18:38:11 - INFO  - Stopping...
2025-03-21 18:38:11 - INFO  - BrokerAvailabilityEvent[available=false, SimpleBrokerMessageHandler [org.springframework.messaging.simp.broker.DefaultSubscriptionRegistry@2eb27091]]
2025-03-21 18:38:11 - INFO  - Stopped.
2025-03-21 18:38:11 - INFO  - Closing JPA EntityManagerFactory for persistence unit 'default'
2025-03-21 18:38:11 - INFO  - HikariPool-1 - Shutdown initiated...
2025-03-21 18:38:11 - INFO  - HikariPool-1 - Shutdown completed.
