2025-03-21 18:12:51 - Starting ApiApplication using Java 23.0.2 with PID 15132 (C:\Users\saymon_castro\Documents\GitHub\Testes-java\java\API\target\classes started by saymon_castro in C:\Users\saymon_castro\Documents\GitHub\Testes-java\java\API)
2025-03-21 18:12:51 - No active profile set, falling back to 1 default profile: "default"
2025-03-21 18:12:51 - Bootstrapping Spring Data JPA repositories in DEFAULT mode.
2025-03-21 18:12:51 - Finished Spring Data repository scanning in 35 ms. Found 6 JPA repository interfaces.
2025-03-21 18:12:51 - Tomcat initialized with port 8099 (http)
2025-03-21 18:12:51 - Starting service [Tomcat]
2025-03-21 18:12:51 - Starting Servlet engine: [Apache Tomcat/10.1.36]
2025-03-21 18:12:51 - Initializing Spring embedded WebApplicationContext
2025-03-21 18:12:51 - Root WebApplicationContext: initialization completed in 828 ms
2025-03-21 18:12:51 - HHH000204: Processing PersistenceUnitInfo [name: default]
2025-03-21 18:12:52 - HHH000412: Hibernate ORM core version 6.6.8.Final
2025-03-21 18:12:52 - HHH000026: Second-level cache disabled
2025-03-21 18:12:52 - No LoadTimeWeaver setup: ignoring JPA class transformer
2025-03-21 18:12:52 - HikariPool-1 - Starting...
2025-03-21 18:12:52 - HikariPool-1 - Added connection com.mysql.cj.jdbc.ConnectionImpl@6248cfab
2025-03-21 18:12:52 - HikariPool-1 - Start completed.
2025-03-21 18:12:52 - HHH000511: The 5.5.5 version for [org.hibernate.dialect.MySQLDialect] is no longer supported, hence certain features may not work properly. The minimum supported version is 8.0.0. Check the community dialects project for available legacy versions.
2025-03-21 18:12:52 - HHH10001005: Database info:
	Database JDBC URL [Connecting through datasource 'HikariDataSource (HikariPool-1)']
	Database driver: undefined/unknown
	Database version: 5.5.5
	Autocommit mode: undefined/unknown
	Isolation level: undefined/unknown
	Minimum pool size: undefined/unknown
	Maximum pool size: undefined/unknown
2025-03-21 18:12:52 - HHH000489: No JTA platform available (set 'hibernate.transaction.jta.platform' to enable JTA platform integration)
2025-03-21 18:12:53 - Initialized JPA EntityManagerFactory for persistence unit 'default'
2025-03-21 18:12:53 - spring.jpa.open-in-view is enabled by default. Therefore, database queries may be performed during view rendering. Explicitly configure spring.jpa.open-in-view to disable this warning
2025-03-21 18:12:53 - Starting...
2025-03-21 18:12:53 - BrokerAvailabilityEvent[available=true, SimpleBrokerMessageHandler [org.springframework.messaging.simp.broker.DefaultSubscriptionRegistry@773ad729]]
2025-03-21 18:12:53 - Started.
2025-03-21 18:12:53 - Tomcat started on port 8099 (http) with context path '/'
2025-03-21 18:12:53 - Started ApiApplication in 2.785 seconds (process running for 3.159)
2025-03-21 18:13:03 - Commencing graceful shutdown. Waiting for active requests to complete
2025-03-21 18:13:03 - Graceful shutdown complete
2025-03-21 18:13:03 - Stopping...
2025-03-21 18:13:03 - BrokerAvailabilityEvent[available=false, SimpleBrokerMessageHandler [org.springframework.messaging.simp.broker.DefaultSubscriptionRegistry@773ad729]]
2025-03-21 18:13:03 - Stopped.
2025-03-21 18:13:03 - Closing JPA EntityManagerFactory for persistence unit 'default'
2025-03-21 18:13:03 - HikariPool-1 - Shutdown initiated...
2025-03-21 18:13:03 - HikariPool-1 - Shutdown completed.
2025-03-21 18:13:26 - Starting ApiApplication using Java 23.0.2 with PID 5112 (C:\Users\saymon_castro\Documents\GitHub\Testes-java\java\API\target\classes started by saymon_castro in C:\Users\saymon_castro\Documents\GitHub\Testes-java\java\API)
2025-03-21 18:13:26 - No active profile set, falling back to 1 default profile: "default"
2025-03-21 18:13:27 - Bootstrapping Spring Data JPA repositories in DEFAULT mode.
2025-03-21 18:13:27 - Finished Spring Data repository scanning in 39 ms. Found 6 JPA repository interfaces.
2025-03-21 18:13:27 - Tomcat initialized with port 8099 (http)
2025-03-21 18:13:27 - Starting service [Tomcat]
2025-03-21 18:13:27 - Starting Servlet engine: [Apache Tomcat/10.1.36]
2025-03-21 18:13:27 - Initializing Spring embedded WebApplicationContext
2025-03-21 18:13:27 - Root WebApplicationContext: initialization completed in 754 ms
2025-03-21 18:13:27 - HHH000204: Processing PersistenceUnitInfo [name: default]
2025-03-21 18:13:27 - HHH000412: Hibernate ORM core version 6.6.8.Final
2025-03-21 18:13:27 - HHH000026: Second-level cache disabled
2025-03-21 18:13:27 - No LoadTimeWeaver setup: ignoring JPA class transformer
2025-03-21 18:13:27 - HikariPool-1 - Starting...
2025-03-21 18:13:27 - HikariPool-1 - Added connection com.mysql.cj.jdbc.ConnectionImpl@49122853
2025-03-21 18:13:27 - HikariPool-1 - Start completed.
2025-03-21 18:13:27 - HHH000511: The 5.5.5 version for [org.hibernate.dialect.MySQLDialect] is no longer supported, hence certain features may not work properly. The minimum supported version is 8.0.0. Check the community dialects project for available legacy versions.
2025-03-21 18:13:27 - HHH10001005: Database info:
	Database JDBC URL [Connecting through datasource 'HikariDataSource (HikariPool-1)']
	Database driver: undefined/unknown
	Database version: 5.5.5
	Autocommit mode: undefined/unknown
	Isolation level: undefined/unknown
	Minimum pool size: undefined/unknown
	Maximum pool size: undefined/unknown
2025-03-21 18:13:28 - HHH000489: No JTA platform available (set 'hibernate.transaction.jta.platform' to enable JTA platform integration)
2025-03-21 18:13:28 - Initialized JPA EntityManagerFactory for persistence unit 'default'
2025-03-21 18:13:28 - spring.jpa.open-in-view is enabled by default. Therefore, database queries may be performed during view rendering. Explicitly configure spring.jpa.open-in-view to disable this warning
2025-03-21 18:13:29 - Starting...
2025-03-21 18:13:29 - BrokerAvailabilityEvent[available=true, SimpleBrokerMessageHandler [org.springframework.messaging.simp.broker.DefaultSubscriptionRegistry@14060410]]
2025-03-21 18:13:29 - Started.
2025-03-21 18:13:29 - Tomcat started on port 8099 (http) with context path '/'
2025-03-21 18:13:29 - Started ApiApplication in 2.724 seconds (process running for 3.092)
2025-03-21 18:13:38 - Initializing Spring DispatcherServlet 'dispatcherServlet'
2025-03-21 18:13:38 - Initializing Servlet 'dispatcherServlet'
2025-03-21 18:13:38 - Completed initialization in 0 ms
2025-03-21 18:13:39 - Verificando existência de email: joao.silva@example.com
2025-03-21 18:13:39 - Salvando usuário: joao.silva@example.com
2025-03-21 18:14:29 - WebSocketSession[0 current WS(0)-HttpStream(0)-HttpPoll(0), 0 total, 0 closed abnormally (0 connect failure, 0 send limit, 0 transport error)], stompSubProtocol[processed CONNECT(0)-CONNECTED(0)-DISCONNECT(0)], stompBrokerRelay[null], inboundChannel[pool size = 0, active threads = 0, queued tasks = 0, completed tasks = 0], outboundChannel[pool size = 0, active threads = 0, queued tasks = 0, completed tasks = 0], sockJsScheduler[pool size = 1, active threads = 1, queued tasks = 0, completed tasks = 0]
2025-03-21 18:15:35 - Commencing graceful shutdown. Waiting for active requests to complete
2025-03-21 18:15:35 - Graceful shutdown complete
2025-03-21 18:15:35 - Stopping...
2025-03-21 18:15:35 - BrokerAvailabilityEvent[available=false, SimpleBrokerMessageHandler [org.springframework.messaging.simp.broker.DefaultSubscriptionRegistry@14060410]]
2025-03-21 18:15:35 - Stopped.
2025-03-21 18:15:35 - Closing JPA EntityManagerFactory for persistence unit 'default'
2025-03-21 18:15:35 - HikariPool-1 - Shutdown initiated...
2025-03-21 18:15:35 - HikariPool-1 - Shutdown completed.
2025-03-21 18:15:52 - Starting ApiApplication using Java 23.0.2 with PID 800 (C:\Users\saymon_castro\Documents\GitHub\Testes-java\java\API\target\classes started by saymon_castro in C:\Users\saymon_castro\Documents\GitHub\Testes-java\java\API)
2025-03-21 18:15:52 - No active profile set, falling back to 1 default profile: "default"
2025-03-21 18:15:53 - Bootstrapping Spring Data JPA repositories in DEFAULT mode.
2025-03-21 18:15:53 - Finished Spring Data repository scanning in 35 ms. Found 6 JPA repository interfaces.
2025-03-21 18:15:53 - Tomcat initialized with port 8099 (http)
2025-03-21 18:15:53 - Starting service [Tomcat]
2025-03-21 18:15:53 - Starting Servlet engine: [Apache Tomcat/10.1.36]
2025-03-21 18:15:53 - Initializing Spring embedded WebApplicationContext
2025-03-21 18:15:53 - Root WebApplicationContext: initialization completed in 744 ms
2025-03-21 18:15:53 - HHH000204: Processing PersistenceUnitInfo [name: default]
2025-03-21 18:15:53 - HHH000412: Hibernate ORM core version 6.6.8.Final
2025-03-21 18:15:53 - HHH000026: Second-level cache disabled
2025-03-21 18:15:53 - No LoadTimeWeaver setup: ignoring JPA class transformer
2025-03-21 18:15:53 - HikariPool-1 - Starting...
2025-03-21 18:15:53 - HikariPool-1 - Added connection com.mysql.cj.jdbc.ConnectionImpl@df7d1d4
2025-03-21 18:15:53 - HikariPool-1 - Start completed.
2025-03-21 18:15:53 - HHH000511: The 5.5.5 version for [org.hibernate.dialect.MySQLDialect] is no longer supported, hence certain features may not work properly. The minimum supported version is 8.0.0. Check the community dialects project for available legacy versions.
2025-03-21 18:15:53 - HHH10001005: Database info:
	Database JDBC URL [Connecting through datasource 'HikariDataSource (HikariPool-1)']
	Database driver: undefined/unknown
	Database version: 5.5.5
	Autocommit mode: undefined/unknown
	Isolation level: undefined/unknown
	Minimum pool size: undefined/unknown
	Maximum pool size: undefined/unknown
2025-03-21 18:15:54 - HHH000489: No JTA platform available (set 'hibernate.transaction.jta.platform' to enable JTA platform integration)
2025-03-21 18:15:54 - Initialized JPA EntityManagerFactory for persistence unit 'default'
2025-03-21 18:15:54 - spring.jpa.open-in-view is enabled by default. Therefore, database queries may be performed during view rendering. Explicitly configure spring.jpa.open-in-view to disable this warning
2025-03-21 18:15:55 - Starting...
2025-03-21 18:15:55 - BrokerAvailabilityEvent[available=true, SimpleBrokerMessageHandler [org.springframework.messaging.simp.broker.DefaultSubscriptionRegistry@1deca369]]
2025-03-21 18:15:55 - Started.
2025-03-21 18:15:55 - Tomcat started on port 8099 (http) with context path '/'
2025-03-21 18:15:55 - Started ApiApplication in 2.693 seconds (process running for 3.068)
2025-03-21 18:16:11 - Initializing Spring DispatcherServlet 'dispatcherServlet'
2025-03-21 18:16:11 - Initializing Servlet 'dispatcherServlet'
2025-03-21 18:16:11 - Completed initialization in 0 ms
2025-03-21 18:16:22 - Verificando existência de email: leticia@email.com
2025-03-21 18:16:22 - Salvando usuário: leticia@email.com
2025-03-21 18:16:55 - WebSocketSession[0 current WS(0)-HttpStream(0)-HttpPoll(0), 0 total, 0 closed abnormally (0 connect failure, 0 send limit, 0 transport error)], stompSubProtocol[processed CONNECT(0)-CONNECTED(0)-DISCONNECT(0)], stompBrokerRelay[null], inboundChannel[pool size = 0, active threads = 0, queued tasks = 0, completed tasks = 0], outboundChannel[pool size = 0, active threads = 0, queued tasks = 0, completed tasks = 0], sockJsScheduler[pool size = 1, active threads = 1, queued tasks = 0, completed tasks = 0]
2025-03-21 18:17:33 - Verificando existência de email: gustavo@stinghen.com
2025-03-21 18:17:33 - Salvando usuário: gustavo@stinghen.com
2025-03-21 18:19:13 - Deletando usuário com email: joao.silva@example.com
2025-03-21 18:19:13 - Buscando usuário por email: joao.silva@example.com
2025-03-21 18:20:38 - Commencing graceful shutdown. Waiting for active requests to complete
2025-03-21 18:20:38 - Graceful shutdown complete
2025-03-21 18:20:38 - Stopping...
2025-03-21 18:20:38 - BrokerAvailabilityEvent[available=false, SimpleBrokerMessageHandler [org.springframework.messaging.simp.broker.DefaultSubscriptionRegistry@1deca369]]
2025-03-21 18:20:38 - Stopped.
2025-03-21 18:20:38 - Closing JPA EntityManagerFactory for persistence unit 'default'
2025-03-21 18:20:38 - HikariPool-1 - Shutdown initiated...
2025-03-21 18:20:38 - HikariPool-1 - Shutdown completed.
2025-03-21 18:20:42 - Starting ApiApplication using Java 23.0.2 with PID 14600 (C:\Users\saymon_castro\Documents\GitHub\Testes-java\java\API\target\classes started by saymon_castro in C:\Users\saymon_castro\Documents\GitHub\Testes-java\java\API)
2025-03-21 18:20:42 - No active profile set, falling back to 1 default profile: "default"
2025-03-21 18:20:42 - Bootstrapping Spring Data JPA repositories in DEFAULT mode.
2025-03-21 18:20:42 - Finished Spring Data repository scanning in 36 ms. Found 6 JPA repository interfaces.
2025-03-21 18:20:43 - Tomcat initialized with port 8099 (http)
2025-03-21 18:20:43 - Starting service [Tomcat]
2025-03-21 18:20:43 - Starting Servlet engine: [Apache Tomcat/10.1.36]
2025-03-21 18:20:43 - Initializing Spring embedded WebApplicationContext
2025-03-21 18:20:43 - Root WebApplicationContext: initialization completed in 756 ms
2025-03-21 18:20:43 - HHH000204: Processing PersistenceUnitInfo [name: default]
2025-03-21 18:20:43 - HHH000412: Hibernate ORM core version 6.6.8.Final
2025-03-21 18:20:43 - HHH000026: Second-level cache disabled
2025-03-21 18:20:43 - No LoadTimeWeaver setup: ignoring JPA class transformer
2025-03-21 18:20:43 - HikariPool-1 - Starting...
2025-03-21 18:20:43 - HikariPool-1 - Added connection com.mysql.cj.jdbc.ConnectionImpl@4fa91d5b
2025-03-21 18:20:43 - HikariPool-1 - Start completed.
2025-03-21 18:20:43 - HHH000511: The 5.5.5 version for [org.hibernate.dialect.MySQLDialect] is no longer supported, hence certain features may not work properly. The minimum supported version is 8.0.0. Check the community dialects project for available legacy versions.
2025-03-21 18:20:43 - HHH10001005: Database info:
	Database JDBC URL [Connecting through datasource 'HikariDataSource (HikariPool-1)']
	Database driver: undefined/unknown
	Database version: 5.5.5
	Autocommit mode: undefined/unknown
	Isolation level: undefined/unknown
	Minimum pool size: undefined/unknown
	Maximum pool size: undefined/unknown
2025-03-21 18:20:44 - HHH000489: No JTA platform available (set 'hibernate.transaction.jta.platform' to enable JTA platform integration)
2025-03-21 18:20:44 - Initialized JPA EntityManagerFactory for persistence unit 'default'
2025-03-21 18:20:44 - spring.jpa.open-in-view is enabled by default. Therefore, database queries may be performed during view rendering. Explicitly configure spring.jpa.open-in-view to disable this warning
2025-03-21 18:20:44 - Starting...
2025-03-21 18:20:44 - BrokerAvailabilityEvent[available=true, SimpleBrokerMessageHandler [org.springframework.messaging.simp.broker.DefaultSubscriptionRegistry@eb23b9c]]
2025-03-21 18:20:44 - Started.
2025-03-21 18:20:44 - Tomcat started on port 8099 (http) with context path '/'
2025-03-21 18:20:44 - Started ApiApplication in 2.765 seconds (process running for 3.124)
2025-03-21 18:21:14 - Commencing graceful shutdown. Waiting for active requests to complete
2025-03-21 18:21:14 - Graceful shutdown complete
2025-03-21 18:21:14 - Stopping...
2025-03-21 18:21:14 - BrokerAvailabilityEvent[available=false, SimpleBrokerMessageHandler [org.springframework.messaging.simp.broker.DefaultSubscriptionRegistry@eb23b9c]]
2025-03-21 18:21:14 - Stopped.
2025-03-21 18:21:14 - Closing JPA EntityManagerFactory for persistence unit 'default'
2025-03-21 18:21:14 - HikariPool-1 - Shutdown initiated...
2025-03-21 18:21:14 - HikariPool-1 - Shutdown completed.
2025-03-21 18:29:08 - Starting ApiApplication using Java 23.0.2 with PID 5536 (C:\Users\saymon_castro\Documents\GitHub\Testes-java\java\API\target\classes started by saymon_castro in C:\Users\saymon_castro\Documents\GitHub\Testes-java\java\API)
2025-03-21 18:29:08 - No active profile set, falling back to 1 default profile: "default"
2025-03-21 18:29:08 - Bootstrapping Spring Data JPA repositories in DEFAULT mode.
2025-03-21 18:29:08 - Finished Spring Data repository scanning in 35 ms. Found 6 JPA repository interfaces.
2025-03-21 18:29:08 - Tomcat initialized with port 8099 (http)
2025-03-21 18:29:08 - Starting service [Tomcat]
2025-03-21 18:29:08 - Starting Servlet engine: [Apache Tomcat/10.1.36]
2025-03-21 18:29:09 - Initializing Spring embedded WebApplicationContext
2025-03-21 18:29:09 - Root WebApplicationContext: initialization completed in 944 ms
2025-03-21 18:29:09 - HHH000204: Processing PersistenceUnitInfo [name: default]
2025-03-21 18:29:09 - HHH000412: Hibernate ORM core version 6.6.8.Final
2025-03-21 18:29:09 - HHH000026: Second-level cache disabled
2025-03-21 18:29:09 - No LoadTimeWeaver setup: ignoring JPA class transformer
2025-03-21 18:29:09 - HikariPool-1 - Starting...
2025-03-21 18:29:09 - HikariPool-1 - Added connection com.mysql.cj.jdbc.ConnectionImpl@bc8d68b
2025-03-21 18:29:09 - HikariPool-1 - Start completed.
2025-03-21 18:29:09 - HHH000511: The 5.5.5 version for [org.hibernate.dialect.MySQLDialect] is no longer supported, hence certain features may not work properly. The minimum supported version is 8.0.0. Check the community dialects project for available legacy versions.
2025-03-21 18:29:09 - HHH10001005: Database info:
	Database JDBC URL [Connecting through datasource 'HikariDataSource (HikariPool-1)']
	Database driver: undefined/unknown
	Database version: 5.5.5
	Autocommit mode: undefined/unknown
	Isolation level: undefined/unknown
	Minimum pool size: undefined/unknown
	Maximum pool size: undefined/unknown
2025-03-21 18:29:10 - HHH000489: No JTA platform available (set 'hibernate.transaction.jta.platform' to enable JTA platform integration)
2025-03-21 18:29:10 - Initialized JPA EntityManagerFactory for persistence unit 'default'
2025-03-21 18:29:10 - spring.jpa.open-in-view is enabled by default. Therefore, database queries may be performed during view rendering. Explicitly configure spring.jpa.open-in-view to disable this warning
2025-03-21 18:29:10 - Starting...
2025-03-21 18:29:10 - BrokerAvailabilityEvent[available=true, SimpleBrokerMessageHandler [org.springframework.messaging.simp.broker.DefaultSubscriptionRegistry@16baf8d0]]
2025-03-21 18:29:10 - Started.
2025-03-21 18:29:10 - Tomcat started on port 8099 (http) with context path '/'
2025-03-21 18:29:10 - Started ApiApplication in 3.128 seconds (process running for 3.505)
2025-03-21 18:29:24 - Initializing Spring DispatcherServlet 'dispatcherServlet'
2025-03-21 18:29:24 - Initializing Servlet 'dispatcherServlet'
2025-03-21 18:29:24 - Completed initialization in 1 ms
2025-03-21 18:30:10 - WebSocketSession[0 current WS(0)-HttpStream(0)-HttpPoll(0), 0 total, 0 closed abnormally (0 connect failure, 0 send limit, 0 transport error)], stompSubProtocol[processed CONNECT(0)-CONNECTED(0)-DISCONNECT(0)], stompBrokerRelay[null], inboundChannel[pool size = 0, active threads = 0, queued tasks = 0, completed tasks = 0], outboundChannel[pool size = 0, active threads = 0, queued tasks = 0, completed tasks = 0], sockJsScheduler[pool size = 1, active threads = 1, queued tasks = 0, completed tasks = 0]
2025-03-21 18:30:46 - Commencing graceful shutdown. Waiting for active requests to complete
2025-03-21 18:30:46 - Graceful shutdown complete
2025-03-21 18:30:46 - Stopping...
2025-03-21 18:30:46 - BrokerAvailabilityEvent[available=false, SimpleBrokerMessageHandler [org.springframework.messaging.simp.broker.DefaultSubscriptionRegistry@16baf8d0]]
2025-03-21 18:30:46 - Stopped.
2025-03-21 18:30:46 - Closing JPA EntityManagerFactory for persistence unit 'default'
2025-03-21 18:30:46 - HikariPool-1 - Shutdown initiated...
2025-03-21 18:30:46 - HikariPool-1 - Shutdown completed.
2025-03-21 18:38:30 - Starting ApiApplication using Java 23.0.2 with PID 7140 (C:\Users\saymon_castro\Documents\GitHub\Testes-java\java\API\target\classes started by saymon_castro in C:\Users\saymon_castro\Documents\GitHub\Testes-java\java\API)
2025-03-21 18:38:30 - No active profile set, falling back to 1 default profile: "default"
2025-03-21 18:38:30 - Bootstrapping Spring Data JPA repositories in DEFAULT mode.
2025-03-21 18:38:31 - Finished Spring Data repository scanning in 40 ms. Found 6 JPA repository interfaces.
2025-03-21 18:38:31 - Tomcat initialized with port 8099 (http)
2025-03-21 18:38:31 - Starting service [Tomcat]
2025-03-21 18:38:31 - Starting Servlet engine: [Apache Tomcat/10.1.36]
2025-03-21 18:38:31 - Initializing Spring embedded WebApplicationContext
2025-03-21 18:38:31 - Root WebApplicationContext: initialization completed in 858 ms
2025-03-21 18:38:31 - HHH000204: Processing PersistenceUnitInfo [name: default]
2025-03-21 18:38:31 - HHH000412: Hibernate ORM core version 6.6.8.Final
2025-03-21 18:38:31 - HHH000026: Second-level cache disabled
2025-03-21 18:38:31 - No LoadTimeWeaver setup: ignoring JPA class transformer
2025-03-21 18:38:31 - HikariPool-1 - Starting...
2025-03-21 18:38:31 - HikariPool-1 - Added connection com.mysql.cj.jdbc.ConnectionImpl@500ec769
2025-03-21 18:38:31 - HikariPool-1 - Start completed.
2025-03-21 18:38:31 - HHH000511: The 5.5.5 version for [org.hibernate.dialect.MySQLDialect] is no longer supported, hence certain features may not work properly. The minimum supported version is 8.0.0. Check the community dialects project for available legacy versions.
2025-03-21 18:38:31 - HHH10001005: Database info:
	Database JDBC URL [Connecting through datasource 'HikariDataSource (HikariPool-1)']
	Database driver: undefined/unknown
	Database version: 5.5.5
	Autocommit mode: undefined/unknown
	Isolation level: undefined/unknown
	Minimum pool size: undefined/unknown
	Maximum pool size: undefined/unknown
2025-03-21 18:38:32 - HHH000489: No JTA platform available (set 'hibernate.transaction.jta.platform' to enable JTA platform integration)
2025-03-21 18:38:32 - Initialized JPA EntityManagerFactory for persistence unit 'default'
2025-03-21 18:38:33 - spring.jpa.open-in-view is enabled by default. Therefore, database queries may be performed during view rendering. Explicitly configure spring.jpa.open-in-view to disable this warning
2025-03-21 18:38:33 - Starting...
2025-03-21 18:38:33 - BrokerAvailabilityEvent[available=true, SimpleBrokerMessageHandler [org.springframework.messaging.simp.broker.DefaultSubscriptionRegistry@7af4286]]
2025-03-21 18:38:33 - Started.
2025-03-21 18:38:33 - Tomcat started on port 8099 (http) with context path '/'
2025-03-21 18:38:33 - Started ApiApplication in 3.044 seconds (process running for 3.415)
2025-03-21 18:38:38 - Initializing Spring DispatcherServlet 'dispatcherServlet'
2025-03-21 18:38:38 - Initializing Servlet 'dispatcherServlet'
2025-03-21 18:38:38 - Completed initialization in 1 ms
2025-03-21 18:39:23 - Commencing graceful shutdown. Waiting for active requests to complete
2025-03-21 18:39:23 - Graceful shutdown complete
2025-03-21 18:39:23 - Stopping...
2025-03-21 18:39:23 - BrokerAvailabilityEvent[available=false, SimpleBrokerMessageHandler [org.springframework.messaging.simp.broker.DefaultSubscriptionRegistry@7af4286]]
2025-03-21 18:39:23 - Stopped.
2025-03-21 18:39:23 - Closing JPA EntityManagerFactory for persistence unit 'default'
2025-03-21 18:39:23 - HikariPool-1 - Shutdown initiated...
2025-03-21 18:39:23 - HikariPool-1 - Shutdown completed.
2025-03-21 18:39:26 - Starting ApiApplication using Java 23.0.2 with PID 16236 (C:\Users\saymon_castro\Documents\GitHub\Testes-java\java\API\target\classes started by saymon_castro in C:\Users\saymon_castro\Documents\GitHub\Testes-java\java\API)
2025-03-21 18:39:26 - No active profile set, falling back to 1 default profile: "default"
2025-03-21 18:39:27 - Bootstrapping Spring Data JPA repositories in DEFAULT mode.
2025-03-21 18:39:27 - Finished Spring Data repository scanning in 36 ms. Found 6 JPA repository interfaces.
2025-03-21 18:39:27 - Tomcat initialized with port 8099 (http)
2025-03-21 18:39:27 - Starting service [Tomcat]
2025-03-21 18:39:27 - Starting Servlet engine: [Apache Tomcat/10.1.36]
2025-03-21 18:39:27 - Initializing Spring embedded WebApplicationContext
2025-03-21 18:39:27 - Root WebApplicationContext: initialization completed in 826 ms
2025-03-21 18:39:27 - HHH000204: Processing PersistenceUnitInfo [name: default]
2025-03-21 18:39:27 - HHH000412: Hibernate ORM core version 6.6.8.Final
2025-03-21 18:39:27 - HHH000026: Second-level cache disabled
2025-03-21 18:39:27 - No LoadTimeWeaver setup: ignoring JPA class transformer
2025-03-21 18:39:27 - HikariPool-1 - Starting...
2025-03-21 18:39:27 - HikariPool-1 - Added connection com.mysql.cj.jdbc.ConnectionImpl@3cf8a235
2025-03-21 18:39:27 - HikariPool-1 - Start completed.
2025-03-21 18:39:28 - HHH000511: The 5.5.5 version for [org.hibernate.dialect.MySQLDialect] is no longer supported, hence certain features may not work properly. The minimum supported version is 8.0.0. Check the community dialects project for available legacy versions.
2025-03-21 18:39:28 - HHH10001005: Database info:
	Database JDBC URL [Connecting through datasource 'HikariDataSource (HikariPool-1)']
	Database driver: undefined/unknown
	Database version: 5.5.5
	Autocommit mode: undefined/unknown
	Isolation level: undefined/unknown
	Minimum pool size: undefined/unknown
	Maximum pool size: undefined/unknown
2025-03-21 18:39:28 - HHH000489: No JTA platform available (set 'hibernate.transaction.jta.platform' to enable JTA platform integration)
2025-03-21 18:39:28 - Initialized JPA EntityManagerFactory for persistence unit 'default'
2025-03-21 18:39:29 - spring.jpa.open-in-view is enabled by default. Therefore, database queries may be performed during view rendering. Explicitly configure spring.jpa.open-in-view to disable this warning
2025-03-21 18:39:29 - Starting...
2025-03-21 18:39:29 - BrokerAvailabilityEvent[available=true, SimpleBrokerMessageHandler [org.springframework.messaging.simp.broker.DefaultSubscriptionRegistry@fd8513b]]
2025-03-21 18:39:29 - Started.
2025-03-21 18:39:29 - Tomcat started on port 8099 (http) with context path '/'
2025-03-21 18:39:29 - Started ApiApplication in 2.982 seconds (process running for 3.373)
2025-03-21 18:39:31 - Initializing Spring DispatcherServlet 'dispatcherServlet'
2025-03-21 18:39:31 - Initializing Servlet 'dispatcherServlet'
2025-03-21 18:39:31 - Completed initialization in 1 ms
2025-03-21 18:40:29 - WebSocketSession[0 current WS(0)-HttpStream(0)-HttpPoll(0), 0 total, 0 closed abnormally (0 connect failure, 0 send limit, 0 transport error)], stompSubProtocol[processed CONNECT(0)-CONNECTED(0)-DISCONNECT(0)], stompBrokerRelay[null], inboundChannel[pool size = 0, active threads = 0, queued tasks = 0, completed tasks = 0], outboundChannel[pool size = 0, active threads = 0, queued tasks = 0, completed tasks = 0], sockJsScheduler[pool size = 1, active threads = 1, queued tasks = 0, completed tasks = 0]
2025-03-21 18:52:42 - Commencing graceful shutdown. Waiting for active requests to complete
2025-03-21 18:52:42 - Graceful shutdown complete
2025-03-21 18:52:42 - Stopping...
2025-03-21 18:52:42 - BrokerAvailabilityEvent[available=false, SimpleBrokerMessageHandler [org.springframework.messaging.simp.broker.DefaultSubscriptionRegistry@fd8513b]]
2025-03-21 18:52:42 - Stopped.
2025-03-21 18:52:42 - Closing JPA EntityManagerFactory for persistence unit 'default'
2025-03-21 18:52:42 - HikariPool-1 - Shutdown initiated...
2025-03-21 18:52:42 - HikariPool-1 - Shutdown completed.
2025-03-21 18:52:45 - Starting ApiApplication using Java 23.0.2 with PID 6672 (C:\Users\saymon_castro\Documents\GitHub\Testes-java\java\API\target\classes started by saymon_castro in C:\Users\saymon_castro\Documents\GitHub\Testes-java\java\API)
2025-03-21 18:52:45 - No active profile set, falling back to 1 default profile: "default"
2025-03-21 18:52:45 - Bootstrapping Spring Data JPA repositories in DEFAULT mode.
2025-03-21 18:52:45 - Finished Spring Data repository scanning in 35 ms. Found 6 JPA repository interfaces.
2025-03-21 18:52:46 - Tomcat initialized with port 8099 (http)
2025-03-21 18:52:46 - Starting service [Tomcat]
2025-03-21 18:52:46 - Starting Servlet engine: [Apache Tomcat/10.1.36]
2025-03-21 18:52:46 - Initializing Spring embedded WebApplicationContext
2025-03-21 18:52:46 - Root WebApplicationContext: initialization completed in 854 ms
2025-03-21 18:52:46 - HHH000204: Processing PersistenceUnitInfo [name: default]
2025-03-21 18:52:46 - HHH000412: Hibernate ORM core version 6.6.8.Final
2025-03-21 18:52:46 - HHH000026: Second-level cache disabled
2025-03-21 18:52:46 - No LoadTimeWeaver setup: ignoring JPA class transformer
2025-03-21 18:52:46 - HikariPool-1 - Starting...
2025-03-21 18:52:46 - HikariPool-1 - Added connection com.mysql.cj.jdbc.ConnectionImpl@7bce9ce4
2025-03-21 18:52:46 - HikariPool-1 - Start completed.
2025-03-21 18:52:46 - HHH000511: The 5.5.5 version for [org.hibernate.dialect.MySQLDialect] is no longer supported, hence certain features may not work properly. The minimum supported version is 8.0.0. Check the community dialects project for available legacy versions.
2025-03-21 18:52:46 - HHH10001005: Database info:
	Database JDBC URL [Connecting through datasource 'HikariDataSource (HikariPool-1)']
	Database driver: undefined/unknown
	Database version: 5.5.5
	Autocommit mode: undefined/unknown
	Isolation level: undefined/unknown
	Minimum pool size: undefined/unknown
	Maximum pool size: undefined/unknown
2025-03-21 18:52:47 - HHH000489: No JTA platform available (set 'hibernate.transaction.jta.platform' to enable JTA platform integration)
2025-03-21 18:52:47 - Initialized JPA EntityManagerFactory for persistence unit 'default'
2025-03-21 18:52:47 - spring.jpa.open-in-view is enabled by default. Therefore, database queries may be performed during view rendering. Explicitly configure spring.jpa.open-in-view to disable this warning
2025-03-21 18:52:48 - Starting...
2025-03-21 18:52:48 - BrokerAvailabilityEvent[available=true, SimpleBrokerMessageHandler [org.springframework.messaging.simp.broker.DefaultSubscriptionRegistry@87276c4]]
2025-03-21 18:52:48 - Started.
2025-03-21 18:52:48 - Tomcat started on port 8099 (http) with context path '/'
2025-03-21 18:52:48 - Started ApiApplication in 3.142 seconds (process running for 3.508)
2025-03-21 18:53:20 - Initializing Spring DispatcherServlet 'dispatcherServlet'
2025-03-21 18:53:20 - Initializing Servlet 'dispatcherServlet'
2025-03-21 18:53:20 - Completed initialization in 1 ms
2025-03-21 18:53:48 - WebSocketSession[0 current WS(0)-HttpStream(0)-HttpPoll(0), 0 total, 0 closed abnormally (0 connect failure, 0 send limit, 0 transport error)], stompSubProtocol[processed CONNECT(0)-CONNECTED(0)-DISCONNECT(0)], stompBrokerRelay[null], inboundChannel[pool size = 0, active threads = 0, queued tasks = 0, completed tasks = 0], outboundChannel[pool size = 0, active threads = 0, queued tasks = 0, completed tasks = 0], sockJsScheduler[pool size = 1, active threads = 1, queued tasks = 0, completed tasks = 0]
2025-03-21 18:54:55 - Commencing graceful shutdown. Waiting for active requests to complete
2025-03-21 18:54:55 - Graceful shutdown complete
2025-03-21 18:54:55 - Stopping...
2025-03-21 18:54:55 - BrokerAvailabilityEvent[available=false, SimpleBrokerMessageHandler [org.springframework.messaging.simp.broker.DefaultSubscriptionRegistry@87276c4]]
2025-03-21 18:54:55 - Stopped.
2025-03-21 18:54:55 - Closing JPA EntityManagerFactory for persistence unit 'default'
2025-03-21 18:54:55 - HikariPool-1 - Shutdown initiated...
2025-03-21 18:54:55 - HikariPool-1 - Shutdown completed.
2025-03-21 18:54:58 - Starting ApiApplication using Java 23.0.2 with PID 9884 (C:\Users\saymon_castro\Documents\GitHub\Testes-java\java\API\target\classes started by saymon_castro in C:\Users\saymon_castro\Documents\GitHub\Testes-java\java\API)
2025-03-21 18:54:58 - No active profile set, falling back to 1 default profile: "default"
2025-03-21 18:54:59 - Bootstrapping Spring Data JPA repositories in DEFAULT mode.
2025-03-21 18:54:59 - Finished Spring Data repository scanning in 39 ms. Found 6 JPA repository interfaces.
2025-03-21 18:54:59 - Tomcat initialized with port 8099 (http)
2025-03-21 18:54:59 - Starting service [Tomcat]
2025-03-21 18:54:59 - Starting Servlet engine: [Apache Tomcat/10.1.36]
2025-03-21 18:54:59 - Initializing Spring embedded WebApplicationContext
2025-03-21 18:54:59 - Root WebApplicationContext: initialization completed in 864 ms
2025-03-21 18:54:59 - HHH000204: Processing PersistenceUnitInfo [name: default]
2025-03-21 18:54:59 - HHH000412: Hibernate ORM core version 6.6.8.Final
2025-03-21 18:54:59 - HHH000026: Second-level cache disabled
2025-03-21 18:55:00 - No LoadTimeWeaver setup: ignoring JPA class transformer
2025-03-21 18:55:00 - HikariPool-1 - Starting...
2025-03-21 18:55:00 - HikariPool-1 - Added connection com.mysql.cj.jdbc.ConnectionImpl@7bce9ce4
2025-03-21 18:55:00 - HikariPool-1 - Start completed.
2025-03-21 18:55:00 - HHH000511: The 5.5.5 version for [org.hibernate.dialect.MySQLDialect] is no longer supported, hence certain features may not work properly. The minimum supported version is 8.0.0. Check the community dialects project for available legacy versions.
2025-03-21 18:55:00 - HHH10001005: Database info:
	Database JDBC URL [Connecting through datasource 'HikariDataSource (HikariPool-1)']
	Database driver: undefined/unknown
	Database version: 5.5.5
	Autocommit mode: undefined/unknown
	Isolation level: undefined/unknown
	Minimum pool size: undefined/unknown
	Maximum pool size: undefined/unknown
2025-03-21 18:55:00 - HHH000489: No JTA platform available (set 'hibernate.transaction.jta.platform' to enable JTA platform integration)
2025-03-21 18:55:00 - Initialized JPA EntityManagerFactory for persistence unit 'default'
2025-03-21 18:55:01 - spring.jpa.open-in-view is enabled by default. Therefore, database queries may be performed during view rendering. Explicitly configure spring.jpa.open-in-view to disable this warning
2025-03-21 18:55:01 - Starting...
2025-03-21 18:55:01 - BrokerAvailabilityEvent[available=true, SimpleBrokerMessageHandler [org.springframework.messaging.simp.broker.DefaultSubscriptionRegistry@33ed6546]]
2025-03-21 18:55:01 - Started.
2025-03-21 18:55:01 - Tomcat started on port 8099 (http) with context path '/'
2025-03-21 18:55:01 - Started ApiApplication in 3.143 seconds (process running for 3.531)
2025-03-21 18:55:09 - Initializing Spring DispatcherServlet 'dispatcherServlet'
2025-03-21 18:55:09 - Initializing Servlet 'dispatcherServlet'
2025-03-21 18:55:09 - Completed initialization in 0 ms
2025-03-21 18:56:01 - WebSocketSession[0 current WS(0)-HttpStream(0)-HttpPoll(0), 0 total, 0 closed abnormally (0 connect failure, 0 send limit, 0 transport error)], stompSubProtocol[processed CONNECT(0)-CONNECTED(0)-DISCONNECT(0)], stompBrokerRelay[null], inboundChannel[pool size = 0, active threads = 0, queued tasks = 0, completed tasks = 0], outboundChannel[pool size = 0, active threads = 0, queued tasks = 0, completed tasks = 0], sockJsScheduler[pool size = 1, active threads = 1, queued tasks = 0, completed tasks = 0]
2025-03-21 18:58:37 - Commencing graceful shutdown. Waiting for active requests to complete
2025-03-21 18:58:37 - Graceful shutdown complete
2025-03-21 18:58:37 - Stopping...
2025-03-21 18:58:37 - BrokerAvailabilityEvent[available=false, SimpleBrokerMessageHandler [org.springframework.messaging.simp.broker.DefaultSubscriptionRegistry@33ed6546]]
2025-03-21 18:58:37 - Stopped.
2025-03-21 18:58:37 - Closing JPA EntityManagerFactory for persistence unit 'default'
2025-03-21 18:58:37 - HikariPool-1 - Shutdown initiated...
2025-03-21 18:58:37 - HikariPool-1 - Shutdown completed.
2025-03-21 18:58:40 - Starting ApiApplication using Java 23.0.2 with PID 15604 (C:\Users\saymon_castro\Documents\GitHub\Testes-java\java\API\target\classes started by saymon_castro in C:\Users\saymon_castro\Documents\GitHub\Testes-java\java\API)
2025-03-21 18:58:40 - No active profile set, falling back to 1 default profile: "default"
2025-03-21 18:58:40 - Bootstrapping Spring Data JPA repositories in DEFAULT mode.
2025-03-21 18:58:40 - Finished Spring Data repository scanning in 35 ms. Found 6 JPA repository interfaces.
2025-03-21 18:58:40 - Tomcat initialized with port 8099 (http)
2025-03-21 18:58:40 - Starting service [Tomcat]
2025-03-21 18:58:40 - Starting Servlet engine: [Apache Tomcat/10.1.36]
2025-03-21 18:58:40 - Initializing Spring embedded WebApplicationContext
2025-03-21 18:58:40 - Root WebApplicationContext: initialization completed in 869 ms
2025-03-21 18:58:41 - HHH000204: Processing PersistenceUnitInfo [name: default]
2025-03-21 18:58:41 - HHH000412: Hibernate ORM core version 6.6.8.Final
2025-03-21 18:58:41 - HHH000026: Second-level cache disabled
2025-03-21 18:58:41 - No LoadTimeWeaver setup: ignoring JPA class transformer
2025-03-21 18:58:41 - HikariPool-1 - Starting...
2025-03-21 18:58:41 - HikariPool-1 - Added connection com.mysql.cj.jdbc.ConnectionImpl@1bdafb01
2025-03-21 18:58:41 - HikariPool-1 - Start completed.
2025-03-21 18:58:41 - HHH000511: The 5.5.5 version for [org.hibernate.dialect.MySQLDialect] is no longer supported, hence certain features may not work properly. The minimum supported version is 8.0.0. Check the community dialects project for available legacy versions.
2025-03-21 18:58:41 - HHH10001005: Database info:
	Database JDBC URL [Connecting through datasource 'HikariDataSource (HikariPool-1)']
	Database driver: undefined/unknown
	Database version: 5.5.5
	Autocommit mode: undefined/unknown
	Isolation level: undefined/unknown
	Minimum pool size: undefined/unknown
	Maximum pool size: undefined/unknown
2025-03-21 18:58:42 - HHH000489: No JTA platform available (set 'hibernate.transaction.jta.platform' to enable JTA platform integration)
2025-03-21 18:58:42 - Initialized JPA EntityManagerFactory for persistence unit 'default'
2025-03-21 18:58:42 - spring.jpa.open-in-view is enabled by default. Therefore, database queries may be performed during view rendering. Explicitly configure spring.jpa.open-in-view to disable this warning
2025-03-21 18:58:42 - Starting...
2025-03-21 18:58:42 - BrokerAvailabilityEvent[available=true, SimpleBrokerMessageHandler [org.springframework.messaging.simp.broker.DefaultSubscriptionRegistry@19beeb61]]
2025-03-21 18:58:42 - Started.
2025-03-21 18:58:42 - Tomcat started on port 8099 (http) with context path '/'
2025-03-21 18:58:42 - Started ApiApplication in 3.181 seconds (process running for 3.539)
2025-03-21 18:58:50 - Initializing Spring DispatcherServlet 'dispatcherServlet'
2025-03-21 18:58:50 - Initializing Servlet 'dispatcherServlet'
2025-03-21 18:58:50 - Completed initialization in 0 ms
2025-03-21 18:59:13 - Commencing graceful shutdown. Waiting for active requests to complete
2025-03-21 18:59:13 - Graceful shutdown complete
2025-03-21 18:59:13 - Stopping...
2025-03-21 18:59:13 - BrokerAvailabilityEvent[available=false, SimpleBrokerMessageHandler [org.springframework.messaging.simp.broker.DefaultSubscriptionRegistry@19beeb61]]
2025-03-21 18:59:13 - Stopped.
2025-03-21 18:59:13 - Closing JPA EntityManagerFactory for persistence unit 'default'
2025-03-21 18:59:13 - HikariPool-1 - Shutdown initiated...
2025-03-21 18:59:13 - HikariPool-1 - Shutdown completed.
2025-03-21 19:03:12 - Starting ApiApplication using Java 23.0.2 with PID 19160 (C:\Users\saymon_castro\Documents\GitHub\Testes-java\java\API\target\classes started by saymon_castro in C:\Users\saymon_castro\Documents\GitHub\Testes-java\java\API)
2025-03-21 19:03:12 - No active profile set, falling back to 1 default profile: "default"
2025-03-21 19:03:13 - Bootstrapping Spring Data JPA repositories in DEFAULT mode.
2025-03-21 19:03:13 - Finished Spring Data repository scanning in 40 ms. Found 6 JPA repository interfaces.
2025-03-21 19:03:13 - Tomcat initialized with port 8099 (http)
2025-03-21 19:03:13 - Starting service [Tomcat]
2025-03-21 19:03:13 - Starting Servlet engine: [Apache Tomcat/10.1.36]
2025-03-21 19:03:13 - Initializing Spring embedded WebApplicationContext
2025-03-21 19:03:13 - Root WebApplicationContext: initialization completed in 880 ms
2025-03-21 19:03:13 - HHH000204: Processing PersistenceUnitInfo [name: default]
2025-03-21 19:03:13 - HHH000412: Hibernate ORM core version 6.6.8.Final
2025-03-21 19:03:13 - HHH000026: Second-level cache disabled
2025-03-21 19:03:14 - No LoadTimeWeaver setup: ignoring JPA class transformer
2025-03-21 19:03:14 - HikariPool-1 - Starting...
2025-03-21 19:03:14 - HikariPool-1 - Added connection com.mysql.cj.jdbc.ConnectionImpl@6591f8ea
2025-03-21 19:03:14 - HikariPool-1 - Start completed.
2025-03-21 19:03:14 - HHH000511: The 5.5.5 version for [org.hibernate.dialect.MySQLDialect] is no longer supported, hence certain features may not work properly. The minimum supported version is 8.0.0. Check the community dialects project for available legacy versions.
2025-03-21 19:03:14 - HHH10001005: Database info:
	Database JDBC URL [Connecting through datasource 'HikariDataSource (HikariPool-1)']
	Database driver: undefined/unknown
	Database version: 5.5.5
	Autocommit mode: undefined/unknown
	Isolation level: undefined/unknown
	Minimum pool size: undefined/unknown
	Maximum pool size: undefined/unknown
2025-03-21 19:03:14 - HHH000489: No JTA platform available (set 'hibernate.transaction.jta.platform' to enable JTA platform integration)
2025-03-21 19:03:14 - Initialized JPA EntityManagerFactory for persistence unit 'default'
2025-03-21 19:03:15 - spring.jpa.open-in-view is enabled by default. Therefore, database queries may be performed during view rendering. Explicitly configure spring.jpa.open-in-view to disable this warning
2025-03-21 19:03:15 - Starting...
2025-03-21 19:03:15 - BrokerAvailabilityEvent[available=true, SimpleBrokerMessageHandler [org.springframework.messaging.simp.broker.DefaultSubscriptionRegistry@51aa8c0f]]
2025-03-21 19:03:15 - Started.
2025-03-21 19:03:15 - Tomcat started on port 8099 (http) with context path '/'
2025-03-21 19:03:15 - Started ApiApplication in 3.193 seconds (process running for 3.566)
2025-03-21 19:03:22 - Initializing Spring DispatcherServlet 'dispatcherServlet'
2025-03-21 19:03:22 - Initializing Servlet 'dispatcherServlet'
2025-03-21 19:03:22 - Completed initialization in 0 ms
2025-03-21 19:04:15 - WebSocketSession[0 current WS(0)-HttpStream(0)-HttpPoll(0), 0 total, 0 closed abnormally (0 connect failure, 0 send limit, 0 transport error)], stompSubProtocol[processed CONNECT(0)-CONNECTED(0)-DISCONNECT(0)], stompBrokerRelay[null], inboundChannel[pool size = 0, active threads = 0, queued tasks = 0, completed tasks = 0], outboundChannel[pool size = 0, active threads = 0, queued tasks = 0, completed tasks = 0], sockJsScheduler[pool size = 1, active threads = 1, queued tasks = 0, completed tasks = 0]
2025-03-21 19:06:17 - Commencing graceful shutdown. Waiting for active requests to complete
2025-03-21 19:06:17 - Graceful shutdown complete
2025-03-21 19:06:17 - Stopping...
2025-03-21 19:06:17 - BrokerAvailabilityEvent[available=false, SimpleBrokerMessageHandler [org.springframework.messaging.simp.broker.DefaultSubscriptionRegistry@51aa8c0f]]
2025-03-21 19:06:17 - Stopped.
2025-03-21 19:06:17 - Closing JPA EntityManagerFactory for persistence unit 'default'
2025-03-21 19:06:17 - HikariPool-1 - Shutdown initiated...
2025-03-21 19:06:17 - HikariPool-1 - Shutdown completed.
2025-03-21 19:06:22 - Starting ApiApplication using Java 23.0.2 with PID 16312 (C:\Users\saymon_castro\Documents\GitHub\Testes-java\java\API\target\classes started by saymon_castro in C:\Users\saymon_castro\Documents\GitHub\Testes-java\java\API)
2025-03-21 19:06:22 - No active profile set, falling back to 1 default profile: "default"
2025-03-21 19:06:22 - Bootstrapping Spring Data JPA repositories in DEFAULT mode.
2025-03-21 19:06:22 - Finished Spring Data repository scanning in 36 ms. Found 6 JPA repository interfaces.
2025-03-21 19:06:22 - Tomcat initialized with port 8099 (http)
2025-03-21 19:06:23 - Starting service [Tomcat]
2025-03-21 19:06:23 - Starting Servlet engine: [Apache Tomcat/10.1.36]
2025-03-21 19:06:23 - Initializing Spring embedded WebApplicationContext
2025-03-21 19:06:23 - Root WebApplicationContext: initialization completed in 891 ms
2025-03-21 19:06:23 - HHH000204: Processing PersistenceUnitInfo [name: default]
2025-03-21 19:06:23 - HHH000412: Hibernate ORM core version 6.6.8.Final
2025-03-21 19:06:23 - HHH000026: Second-level cache disabled
2025-03-21 19:06:23 - No LoadTimeWeaver setup: ignoring JPA class transformer
2025-03-21 19:06:23 - HikariPool-1 - Starting...
2025-03-21 19:06:23 - HikariPool-1 - Added connection com.mysql.cj.jdbc.ConnectionImpl@23ec2bdc
2025-03-21 19:06:23 - HikariPool-1 - Start completed.
2025-03-21 19:06:23 - HHH000511: The 5.5.5 version for [org.hibernate.dialect.MySQLDialect] is no longer supported, hence certain features may not work properly. The minimum supported version is 8.0.0. Check the community dialects project for available legacy versions.
2025-03-21 19:06:23 - HHH10001005: Database info:
	Database JDBC URL [Connecting through datasource 'HikariDataSource (HikariPool-1)']
	Database driver: undefined/unknown
	Database version: 5.5.5
	Autocommit mode: undefined/unknown
	Isolation level: undefined/unknown
	Minimum pool size: undefined/unknown
	Maximum pool size: undefined/unknown
2025-03-21 19:06:24 - HHH000489: No JTA platform available (set 'hibernate.transaction.jta.platform' to enable JTA platform integration)
2025-03-21 19:06:24 - Initialized JPA EntityManagerFactory for persistence unit 'default'
2025-03-21 19:06:24 - spring.jpa.open-in-view is enabled by default. Therefore, database queries may be performed during view rendering. Explicitly configure spring.jpa.open-in-view to disable this warning
2025-03-21 19:06:24 - Starting...
2025-03-21 19:06:24 - BrokerAvailabilityEvent[available=true, SimpleBrokerMessageHandler [org.springframework.messaging.simp.broker.DefaultSubscriptionRegistry@5eb4b746]]
2025-03-21 19:06:24 - Started.
2025-03-21 19:06:24 - Tomcat started on port 8099 (http) with context path '/'
2025-03-21 19:06:24 - Started ApiApplication in 3.145 seconds (process running for 3.532)
2025-03-21 19:07:06 - Commencing graceful shutdown. Waiting for active requests to complete
2025-03-21 19:07:06 - Graceful shutdown complete
2025-03-21 19:07:06 - Stopping...
2025-03-21 19:07:06 - BrokerAvailabilityEvent[available=false, SimpleBrokerMessageHandler [org.springframework.messaging.simp.broker.DefaultSubscriptionRegistry@5eb4b746]]
2025-03-21 19:07:06 - Stopped.
2025-03-21 19:07:06 - Closing JPA EntityManagerFactory for persistence unit 'default'
2025-03-21 19:07:06 - HikariPool-1 - Shutdown initiated...
2025-03-21 19:07:06 - HikariPool-1 - Shutdown completed.
2025-03-21T19:07:07.542-03:00  INFO 3396 --- [api] [main] conselho.api.ApiApplication              : Starting ApiApplication using Java 23.0.2 with PID 3396 (C:\Users\saymon_castro\Documents\GitHub\Testes-java\java\API\target\classes started by saymon_castro in C:\Users\saymon_castro\Documents\GitHub\Testes-java\java\API)
2025-03-21T19:07:07.543-03:00  INFO 3396 --- [api] [main] conselho.api.ApiApplication              : No active profile set, falling back to 1 default profile: "default"
2025-03-21T19:07:07.940-03:00  INFO 3396 --- [api] [main] .s.d.r.c.RepositoryConfigurationDelegate : Bootstrapping Spring Data JPA repositories in DEFAULT mode.
2025-03-21T19:07:07.984-03:00  INFO 3396 --- [api] [main] .s.d.r.c.RepositoryConfigurationDelegate : Finished Spring Data repository scanning in 38 ms. Found 6 JPA repository interfaces.
2025-03-21T19:07:08.389-03:00  INFO 3396 --- [api] [main] o.s.b.w.embedded.tomcat.TomcatWebServer  : Tomcat initialized with port 8099 (http)
2025-03-21T19:07:08.398-03:00  INFO 3396 --- [api] [main] o.apache.catalina.core.StandardService   : Starting service [Tomcat]
2025-03-21T19:07:08.399-03:00  INFO 3396 --- [api] [main] o.apache.catalina.core.StandardEngine    : Starting Servlet engine: [Apache Tomcat/10.1.36]
2025-03-21T19:07:08.428-03:00  INFO 3396 --- [api] [main] o.a.c.c.C.[Tomcat].[localhost].[/]       : Initializing Spring embedded WebApplicationContext
2025-03-21T19:07:08.428-03:00  INFO 3396 --- [api] [main] w.s.c.ServletWebServerApplicationContext : Root WebApplicationContext: initialization completed in 854 ms
2025-03-21T19:07:08.541-03:00  INFO 3396 --- [api] [main] o.hibernate.jpa.internal.util.LogHelper  : HHH000204: Processing PersistenceUnitInfo [name: default]
2025-03-21T19:07:08.570-03:00  INFO 3396 --- [api] [main] org.hibernate.Version                    : HHH000412: Hibernate ORM core version 6.6.8.Final
2025-03-21T19:07:08.590-03:00  INFO 3396 --- [api] [main] o.h.c.internal.RegionFactoryInitiator    : HHH000026: Second-level cache disabled
2025-03-21T19:07:08.753-03:00  INFO 3396 --- [api] [main] o.s.o.j.p.SpringPersistenceUnitInfo      : No LoadTimeWeaver setup: ignoring JPA class transformer
2025-03-21T19:07:08.771-03:00  INFO 3396 --- [api] [main] com.zaxxer.hikari.HikariDataSource       : HikariPool-1 - Starting...
2025-03-21T19:07:08.861-03:00  INFO 3396 --- [api] [main] com.zaxxer.hikari.pool.HikariPool        : HikariPool-1 - Added connection com.mysql.cj.jdbc.ConnectionImpl@1be77a76
2025-03-21T19:07:08.862-03:00  INFO 3396 --- [api] [main] com.zaxxer.hikari.HikariDataSource       : HikariPool-1 - Start completed.
2025-03-21T19:07:08.894-03:00  WARN 3396 --- [api] [main] org.hibernate.dialect.Dialect            : HHH000511: The 5.5.5 version for [org.hibernate.dialect.MySQLDialect] is no longer supported, hence certain features may not work properly. The minimum supported version is 8.0.0. Check the community dialects project for available legacy versions.
2025-03-21T19:07:08.906-03:00  INFO 3396 --- [api] [main] org.hibernate.orm.connections.pooling    : HHH10001005: Database info:
	Database JDBC URL [Connecting through datasource 'HikariDataSource (HikariPool-1)']
	Database driver: undefined/unknown
	Database version: 5.5.5
	Autocommit mode: undefined/unknown
	Isolation level: undefined/unknown
	Minimum pool size: undefined/unknown
	Maximum pool size: undefined/unknown
2025-03-21T19:07:09.504-03:00  INFO 3396 --- [api] [main] o.h.e.t.j.p.i.JtaPlatformInitiator       : HHH000489: No JTA platform available (set 'hibernate.transaction.jta.platform' to enable JTA platform integration)
2025-03-21T19:07:09.565-03:00  INFO 3396 --- [api] [main] j.LocalContainerEntityManagerFactoryBean : Initialized JPA EntityManagerFactory for persistence unit 'default'
2025-03-21T19:07:10.048-03:00  WARN 3396 --- [api] [main] JpaBaseConfiguration$JpaWebConfiguration : spring.jpa.open-in-view is enabled by default. Therefore, database queries may be performed during view rendering. Explicitly configure spring.jpa.open-in-view to disable this warning
2025-03-21T19:07:10.353-03:00  INFO 3396 --- [api] [main] o.s.m.s.b.SimpleBrokerMessageHandler     : Starting...
2025-03-21T19:07:10.354-03:00  INFO 3396 --- [api] [main] o.s.m.s.b.SimpleBrokerMessageHandler     : BrokerAvailabilityEvent[available=true, SimpleBrokerMessageHandler [org.springframework.messaging.simp.broker.DefaultSubscriptionRegistry@74cd82f1]]
2025-03-21T19:07:10.354-03:00  INFO 3396 --- [api] [main] o.s.m.s.b.SimpleBrokerMessageHandler     : Started.
2025-03-21T19:07:10.364-03:00  INFO 3396 --- [api] [main] o.s.b.w.embedded.tomcat.TomcatWebServer  : Tomcat started on port 8099 (http) with context path '/'
2025-03-21T19:07:10.368-03:00  INFO 3396 --- [api] [main] conselho.api.ApiApplication              : Started ApiApplication in 3.098 seconds (process running for 3.492)
2025-03-21T19:08:10.358-03:00  INFO 3396 --- [api] [MessageBroker-1] o.s.w.s.c.WebSocketMessageBrokerStats    : WebSocketSession[0 current WS(0)-HttpStream(0)-HttpPoll(0), 0 total, 0 closed abnormally (0 connect failure, 0 send limit, 0 transport error)], stompSubProtocol[processed CONNECT(0)-CONNECTED(0)-DISCONNECT(0)], stompBrokerRelay[null], inboundChannel[pool size = 0, active threads = 0, queued tasks = 0, completed tasks = 0], outboundChannel[pool size = 0, active threads = 0, queued tasks = 0, completed tasks = 0], sockJsScheduler[pool size = 1, active threads = 1, queued tasks = 0, completed tasks = 0]
2025-03-21T19:09:04.906-03:00  INFO 3396 --- [api] [SpringApplicationShutdownHook] o.s.b.w.e.tomcat.GracefulShutdown        : Commencing graceful shutdown. Waiting for active requests to complete
2025-03-21T19:09:04.910-03:00  INFO 3396 --- [api] [tomcat-shutdown] o.s.b.w.e.tomcat.GracefulShutdown        : Graceful shutdown complete
2025-03-21T19:09:04.911-03:00  INFO 3396 --- [api] [SpringApplicationShutdownHook] o.s.m.s.b.SimpleBrokerMessageHandler     : Stopping...
2025-03-21T19:09:04.911-03:00  INFO 3396 --- [api] [SpringApplicationShutdownHook] o.s.m.s.b.SimpleBrokerMessageHandler     : BrokerAvailabilityEvent[available=false, SimpleBrokerMessageHandler [org.springframework.messaging.simp.broker.DefaultSubscriptionRegistry@74cd82f1]]
2025-03-21T19:09:04.911-03:00  INFO 3396 --- [api] [SpringApplicationShutdownHook] o.s.m.s.b.SimpleBrokerMessageHandler     : Stopped.
2025-03-21T19:09:04.912-03:00  INFO 3396 --- [api] [SpringApplicationShutdownHook] j.LocalContainerEntityManagerFactoryBean : Closing JPA EntityManagerFactory for persistence unit 'default'
2025-03-21T19:09:04.914-03:00  INFO 3396 --- [api] [SpringApplicationShutdownHook] com.zaxxer.hikari.HikariDataSource       : HikariPool-1 - Shutdown initiated...
2025-03-21T19:09:04.919-03:00  INFO 3396 --- [api] [SpringApplicationShutdownHook] com.zaxxer.hikari.HikariDataSource       : HikariPool-1 - Shutdown completed.
2025-03-22T10:37:55.476-03:00  INFO 6436 --- [api] [main] conselho.api.ApiApplication              : Starting ApiApplication using Java 23.0.2 with PID 6436 (C:\Users\Saymon\Documents\GitHub\Testes-java\java\API\target\classes started by Saymon in C:\Users\Saymon\Documents\GitHub\Testes-java\java\API)
2025-03-22T10:37:55.477-03:00  INFO 6436 --- [api] [main] conselho.api.ApiApplication              : No active profile set, falling back to 1 default profile: "default"
2025-03-22T10:37:56.088-03:00  INFO 6436 --- [api] [main] .s.d.r.c.RepositoryConfigurationDelegate : Bootstrapping Spring Data JPA repositories in DEFAULT mode.
2025-03-22T10:37:56.144-03:00  INFO 6436 --- [api] [main] .s.d.r.c.RepositoryConfigurationDelegate : Finished Spring Data repository scanning in 48 ms. Found 6 JPA repository interfaces.
2025-03-22T10:37:56.720-03:00  INFO 6436 --- [api] [main] o.s.b.w.embedded.tomcat.TomcatWebServer  : Tomcat initialized with port 8099 (http)
2025-03-22T10:37:56.733-03:00  INFO 6436 --- [api] [main] o.apache.catalina.core.StandardService   : Starting service [Tomcat]
2025-03-22T10:37:56.733-03:00  INFO 6436 --- [api] [main] o.apache.catalina.core.StandardEngine    : Starting Servlet engine: [Apache Tomcat/10.1.36]
2025-03-22T10:37:56.775-03:00  INFO 6436 --- [api] [main] o.a.c.c.C.[Tomcat].[localhost].[/]       : Initializing Spring embedded WebApplicationContext
2025-03-22T10:37:56.775-03:00  INFO 6436 --- [api] [main] w.s.c.ServletWebServerApplicationContext : Root WebApplicationContext: initialization completed in 1260 ms
2025-03-22T10:37:56.936-03:00  INFO 6436 --- [api] [main] o.hibernate.jpa.internal.util.LogHelper  : HHH000204: Processing PersistenceUnitInfo [name: default]
2025-03-22T10:37:57.015-03:00  INFO 6436 --- [api] [main] org.hibernate.Version                    : HHH000412: Hibernate ORM core version 6.6.8.Final
2025-03-22T10:37:57.052-03:00  INFO 6436 --- [api] [main] o.h.c.internal.RegionFactoryInitiator    : HHH000026: Second-level cache disabled
2025-03-22T10:37:57.312-03:00  INFO 6436 --- [api] [main] o.s.o.j.p.SpringPersistenceUnitInfo      : No LoadTimeWeaver setup: ignoring JPA class transformer
2025-03-22T10:37:57.338-03:00  INFO 6436 --- [api] [main] com.zaxxer.hikari.HikariDataSource       : HikariPool-1 - Starting...
2025-03-22T10:37:57.963-03:00  INFO 6436 --- [api] [main] com.zaxxer.hikari.pool.HikariPool        : HikariPool-1 - Added connection com.mysql.cj.jdbc.ConnectionImpl@3578a45b
2025-03-22T10:37:57.964-03:00  INFO 6436 --- [api] [main] com.zaxxer.hikari.HikariDataSource       : HikariPool-1 - Start completed.
2025-03-22T10:37:58.042-03:00  INFO 6436 --- [api] [main] org.hibernate.orm.connections.pooling    : HHH10001005: Database info:
	Database JDBC URL [Connecting through datasource 'HikariDataSource (HikariPool-1)']
	Database driver: undefined/unknown
	Database version: 8.0.41
	Autocommit mode: undefined/unknown
	Isolation level: undefined/unknown
	Minimum pool size: undefined/unknown
	Maximum pool size: undefined/unknown
2025-03-22T10:37:58.859-03:00  INFO 6436 --- [api] [main] o.h.e.t.j.p.i.JtaPlatformInitiator       : HHH000489: No JTA platform available (set 'hibernate.transaction.jta.platform' to enable JTA platform integration)
2025-03-22T10:37:59.424-03:00  INFO 6436 --- [api] [main] j.LocalContainerEntityManagerFactoryBean : Initialized JPA EntityManagerFactory for persistence unit 'default'
2025-03-22T10:38:00.027-03:00  WARN 6436 --- [api] [main] JpaBaseConfiguration$JpaWebConfiguration : spring.jpa.open-in-view is enabled by default. Therefore, database queries may be performed during view rendering. Explicitly configure spring.jpa.open-in-view to disable this warning
2025-03-22T10:38:00.416-03:00  INFO 6436 --- [api] [main] o.s.m.s.b.SimpleBrokerMessageHandler     : Starting...
2025-03-22T10:38:00.417-03:00  INFO 6436 --- [api] [main] o.s.m.s.b.SimpleBrokerMessageHandler     : BrokerAvailabilityEvent[available=true, SimpleBrokerMessageHandler [org.springframework.messaging.simp.broker.DefaultSubscriptionRegistry@ca31ad7]]
2025-03-22T10:38:00.418-03:00  INFO 6436 --- [api] [main] o.s.m.s.b.SimpleBrokerMessageHandler     : Started.
2025-03-22T10:38:00.430-03:00  INFO 6436 --- [api] [main] o.s.b.w.embedded.tomcat.TomcatWebServer  : Tomcat started on port 8099 (http) with context path '/'
2025-03-22T10:38:00.434-03:00  INFO 6436 --- [api] [main] conselho.api.ApiApplication              : Started ApiApplication in 5.389 seconds (process running for 6.029)
2025-03-22T10:38:24.347-03:00  INFO 6436 --- [api] [SpringApplicationShutdownHook] o.s.b.w.e.tomcat.GracefulShutdown        : Commencing graceful shutdown. Waiting for active requests to complete
2025-03-22T10:38:24.350-03:00  INFO 6436 --- [api] [tomcat-shutdown] o.s.b.w.e.tomcat.GracefulShutdown        : Graceful shutdown complete
2025-03-22T10:38:24.352-03:00  INFO 6436 --- [api] [SpringApplicationShutdownHook] o.s.m.s.b.SimpleBrokerMessageHandler     : Stopping...
2025-03-22T10:38:24.352-03:00  INFO 6436 --- [api] [SpringApplicationShutdownHook] o.s.m.s.b.SimpleBrokerMessageHandler     : BrokerAvailabilityEvent[available=false, SimpleBrokerMessageHandler [org.springframework.messaging.simp.broker.DefaultSubscriptionRegistry@ca31ad7]]
2025-03-22T10:38:24.352-03:00  INFO 6436 --- [api] [SpringApplicationShutdownHook] o.s.m.s.b.SimpleBrokerMessageHandler     : Stopped.
2025-03-22T10:38:24.353-03:00  INFO 6436 --- [api] [SpringApplicationShutdownHook] j.LocalContainerEntityManagerFactoryBean : Closing JPA EntityManagerFactory for persistence unit 'default'
2025-03-22T10:38:24.355-03:00  INFO 6436 --- [api] [SpringApplicationShutdownHook] com.zaxxer.hikari.HikariDataSource       : HikariPool-1 - Shutdown initiated...
2025-03-22T10:38:24.359-03:00  INFO 6436 --- [api] [SpringApplicationShutdownHook] com.zaxxer.hikari.HikariDataSource       : HikariPool-1 - Shutdown completed.

